2023-06-11 15:19:05.150 INFO  com.solaluna.wiki.WikiApplication                 :51   [32m                  [0;39m Starting WikiApplication using Java 19.0.2 with PID 17448 (C:\Users\41572\Desktop\1\git\wiki\wiki\target\classes started by 41572 in C:\Users\41572\Desktop\1\git\wiki)
2023-06-11 15:19:05.154 INFO  com.solaluna.wiki.WikiApplication                 :632  [32m                  [0;39m No active profile set, falling back to 1 default profile: "default"
2023-06-11 15:19:05.693 WARN  org.mybatis.spring.mapper.ClassPathMapperScanner  :44   [32m                  [0;39m Skipping MapperFactoryBean with name 'commentMapper' and 'com.solaluna.wiki.mapper.CommentMapper' mapperInterface. Bean already defined with the same name!
2023-06-11 15:19:05.694 WARN  org.mybatis.spring.mapper.ClassPathMapperScanner  :44   [32m                  [0;39m Skipping MapperFactoryBean with name 'editHistoryMapper' and 'com.solaluna.wiki.mapper.EditHistoryMapper' mapperInterface. Bean already defined with the same name!
2023-06-11 15:19:05.694 WARN  org.mybatis.spring.mapper.ClassPathMapperScanner  :44   [32m                  [0;39m Skipping MapperFactoryBean with name 'pageMapper' and 'com.solaluna.wiki.mapper.PageMapper' mapperInterface. Bean already defined with the same name!
2023-06-11 15:19:05.694 WARN  org.mybatis.spring.mapper.ClassPathMapperScanner  :44   [32m                  [0;39m Skipping MapperFactoryBean with name 'userMapper' and 'com.solaluna.wiki.mapper.UserMapper' mapperInterface. Bean already defined with the same name!
2023-06-11 15:19:05.694 WARN  org.mybatis.spring.mapper.ClassPathMapperScanner  :44   [32m                  [0;39m No MyBatis mapper was found in '[com.solaluna.wiki.mapper]' package. Please check your configuration.
2023-06-11 15:19:05.928 INFO  o.s.boot.web.embedded.tomcat.TomcatWebServer      :108  [32m                  [0;39m Tomcat initialized with port(s): 8088 (http)
2023-06-11 15:19:05.940 INFO  org.apache.coyote.http11.Http11NioProtocol        :173  [32m                  [0;39m Initializing ProtocolHandler ["http-nio-8088"]
2023-06-11 15:19:05.941 INFO  org.apache.catalina.core.StandardService          :173  [32m                  [0;39m Starting service [Tomcat]
2023-06-11 15:19:05.941 INFO  org.apache.catalina.core.StandardEngine           :173  [32m                  [0;39m Starting Servlet engine: [Apache Tomcat/10.1.8]
2023-06-11 15:19:06.000 INFO  o.a.c.core.ContainerBase.[Tomcat].[localhost].[/] :173  [32m                  [0;39m Initializing Spring embedded WebApplicationContext
2023-06-11 15:19:06.001 INFO  o.s.b.w.s.c.ServletWebServerApplicationContext    :291  [32m                  [0;39m Root WebApplicationContext: initialization completed in 821 ms
2023-06-11 15:19:06.130 WARN  c.b.mybatisplus.core.metadata.TableInfoHelper     :465  [32m                  [0;39m This primary key of "id" is primitive !不建议如此请使用包装类 in Class: "com.solaluna.wiki.pojo.page.Comment"
2023-06-11 15:19:06.244 WARN  c.b.mybatisplus.core.metadata.TableInfoHelper     :428  [32m                  [0;39m This primary key of "id" is primitive !不建议如此请使用包装类 in Class: "com.solaluna.wiki.pojo.page.Page"
2023-06-11 15:19:06.272 WARN  c.b.mybatisplus.core.metadata.TableInfoHelper     :428  [32m                  [0;39m This primary key of "id" is primitive !不建议如此请使用包装类 in Class: "com.solaluna.wiki.pojo.info.EditHistory"
2023-06-11 15:19:06.293 WARN  c.b.mybatisplus.core.metadata.TableInfoHelper     :428  [32m                  [0;39m This primary key of "id" is primitive !不建议如此请使用包装类 in Class: "com.solaluna.wiki.pojo.user.User"
2023-06-11 15:19:06.502 INFO  org.apache.coyote.http11.Http11NioProtocol        :173  [32m                  [0;39m Starting ProtocolHandler ["http-nio-8088"]
2023-06-11 15:19:06.516 INFO  o.s.boot.web.embedded.tomcat.TomcatWebServer      :220  [32m                  [0;39m Tomcat started on port(s): 8088 (http) with context path ''
2023-06-11 15:19:06.522 INFO  com.solaluna.wiki.WikiApplication                 :57   [32m                  [0;39m Started WikiApplication in 1.74 seconds (process running for 2.187)
2023-06-11 15:19:06.524 INFO  com.solaluna.wiki.WikiApplication                 :19   [32m                  [0;39m 启动成功！
2023-06-11 15:19:06.524 INFO  com.solaluna.wiki.WikiApplication                 :20   [32m                  [0;39m 地址:	http://127.0.0.1:8088
2023-06-11 15:23:56.001 INFO  com.solaluna.wiki.WikiApplication                 :51   [32m                  [0;39m Starting WikiApplication using Java 19.0.2 with PID 11684 (C:\Users\41572\Desktop\1\git\wiki\wiki\target\classes started by 41572 in C:\Users\41572\Desktop\1\git\wiki)
2023-06-11 15:23:56.003 INFO  com.solaluna.wiki.WikiApplication                 :632  [32m                  [0;39m No active profile set, falling back to 1 default profile: "default"
2023-06-11 15:23:56.448 WARN  org.mybatis.spring.mapper.ClassPathMapperScanner  :44   [32m                  [0;39m Skipping MapperFactoryBean with name 'commentMapper' and 'com.solaluna.wiki.mapper.CommentMapper' mapperInterface. Bean already defined with the same name!
2023-06-11 15:23:56.448 WARN  org.mybatis.spring.mapper.ClassPathMapperScanner  :44   [32m                  [0;39m Skipping MapperFactoryBean with name 'editHistoryMapper' and 'com.solaluna.wiki.mapper.EditHistoryMapper' mapperInterface. Bean already defined with the same name!
2023-06-11 15:23:56.448 WARN  org.mybatis.spring.mapper.ClassPathMapperScanner  :44   [32m                  [0;39m Skipping MapperFactoryBean with name 'pageMapper' and 'com.solaluna.wiki.mapper.PageMapper' mapperInterface. Bean already defined with the same name!
2023-06-11 15:23:56.448 WARN  org.mybatis.spring.mapper.ClassPathMapperScanner  :44   [32m                  [0;39m Skipping MapperFactoryBean with name 'userMapper' and 'com.solaluna.wiki.mapper.UserMapper' mapperInterface. Bean already defined with the same name!
2023-06-11 15:23:56.449 WARN  org.mybatis.spring.mapper.ClassPathMapperScanner  :44   [32m                  [0;39m No MyBatis mapper was found in '[com.solaluna.wiki.mapper]' package. Please check your configuration.
2023-06-11 15:23:56.700 INFO  o.s.boot.web.embedded.tomcat.TomcatWebServer      :108  [32m                  [0;39m Tomcat initialized with port(s): 8088 (http)
2023-06-11 15:23:56.709 INFO  org.apache.coyote.http11.Http11NioProtocol        :173  [32m                  [0;39m Initializing ProtocolHandler ["http-nio-8088"]
2023-06-11 15:23:56.710 INFO  org.apache.catalina.core.StandardService          :173  [32m                  [0;39m Starting service [Tomcat]
2023-06-11 15:23:56.710 INFO  org.apache.catalina.core.StandardEngine           :173  [32m                  [0;39m Starting Servlet engine: [Apache Tomcat/10.1.8]
2023-06-11 15:23:56.768 INFO  o.a.c.core.ContainerBase.[Tomcat].[localhost].[/] :173  [32m                  [0;39m Initializing Spring embedded WebApplicationContext
2023-06-11 15:23:56.768 INFO  o.s.b.w.s.c.ServletWebServerApplicationContext    :291  [32m                  [0;39m Root WebApplicationContext: initialization completed in 739 ms
2023-06-11 15:23:56.906 WARN  c.b.mybatisplus.core.metadata.TableInfoHelper     :465  [32m                  [0;39m This primary key of "id" is primitive !不建议如此请使用包装类 in Class: "com.solaluna.wiki.pojo.page.Comment"
2023-06-11 15:23:57.011 WARN  c.b.mybatisplus.core.metadata.TableInfoHelper     :428  [32m                  [0;39m This primary key of "id" is primitive !不建议如此请使用包装类 in Class: "com.solaluna.wiki.pojo.page.Page"
2023-06-11 15:23:57.038 WARN  c.b.mybatisplus.core.metadata.TableInfoHelper     :428  [32m                  [0;39m This primary key of "id" is primitive !不建议如此请使用包装类 in Class: "com.solaluna.wiki.pojo.info.EditHistory"
2023-06-11 15:23:57.056 WARN  c.b.mybatisplus.core.metadata.TableInfoHelper     :428  [32m                  [0;39m This primary key of "id" is primitive !不建议如此请使用包装类 in Class: "com.solaluna.wiki.pojo.user.User"
2023-06-11 15:23:57.273 INFO  org.apache.coyote.http11.Http11NioProtocol        :173  [32m                  [0;39m Starting ProtocolHandler ["http-nio-8088"]
2023-06-11 15:23:57.286 INFO  o.s.boot.web.embedded.tomcat.TomcatWebServer      :220  [32m                  [0;39m Tomcat started on port(s): 8088 (http) with context path ''
2023-06-11 15:23:57.291 INFO  com.solaluna.wiki.WikiApplication                 :57   [32m                  [0;39m Started WikiApplication in 1.67 seconds (process running for 2.616)
2023-06-11 15:23:57.292 INFO  com.solaluna.wiki.WikiApplication                 :19   [32m                  [0;39m 启动成功！
2023-06-11 15:23:57.293 INFO  com.solaluna.wiki.WikiApplication                 :20   [32m                  [0;39m 地址:	http://127.0.0.1:8088
2023-06-11 15:24:32.390 INFO  com.solaluna.wiki.WikiApplication                 :51   [32m                  [0;39m Starting WikiApplication using Java 19.0.2 with PID 26816 (C:\Users\41572\Desktop\1\git\wiki\wiki\target\classes started by 41572 in C:\Users\41572\Desktop\1\git\wiki)
2023-06-11 15:24:32.392 INFO  com.solaluna.wiki.WikiApplication                 :632  [32m                  [0;39m No active profile set, falling back to 1 default profile: "default"
2023-06-11 15:24:32.743 WARN  org.mybatis.spring.mapper.ClassPathMapperScanner  :44   [32m                  [0;39m Skipping MapperFactoryBean with name 'commentMapper' and 'com.solaluna.wiki.mapper.CommentMapper' mapperInterface. Bean already defined with the same name!
2023-06-11 15:24:32.743 WARN  org.mybatis.spring.mapper.ClassPathMapperScanner  :44   [32m                  [0;39m Skipping MapperFactoryBean with name 'editHistoryMapper' and 'com.solaluna.wiki.mapper.EditHistoryMapper' mapperInterface. Bean already defined with the same name!
2023-06-11 15:24:32.743 WARN  org.mybatis.spring.mapper.ClassPathMapperScanner  :44   [32m                  [0;39m Skipping MapperFactoryBean with name 'pageMapper' and 'com.solaluna.wiki.mapper.PageMapper' mapperInterface. Bean already defined with the same name!
2023-06-11 15:24:32.744 WARN  org.mybatis.spring.mapper.ClassPathMapperScanner  :44   [32m                  [0;39m Skipping MapperFactoryBean with name 'userMapper' and 'com.solaluna.wiki.mapper.UserMapper' mapperInterface. Bean already defined with the same name!
2023-06-11 15:24:32.744 WARN  org.mybatis.spring.mapper.ClassPathMapperScanner  :44   [32m                  [0;39m No MyBatis mapper was found in '[com.solaluna.wiki.mapper]' package. Please check your configuration.
2023-06-11 15:24:32.978 INFO  o.s.boot.web.embedded.tomcat.TomcatWebServer      :108  [32m                  [0;39m Tomcat initialized with port(s): 8088 (http)
2023-06-11 15:24:32.983 INFO  org.apache.coyote.http11.Http11NioProtocol        :173  [32m                  [0;39m Initializing ProtocolHandler ["http-nio-8088"]
2023-06-11 15:24:32.984 INFO  org.apache.catalina.core.StandardService          :173  [32m                  [0;39m Starting service [Tomcat]
2023-06-11 15:24:32.984 INFO  org.apache.catalina.core.StandardEngine           :173  [32m                  [0;39m Starting Servlet engine: [Apache Tomcat/10.1.8]
2023-06-11 15:24:33.037 INFO  o.a.c.core.ContainerBase.[Tomcat].[localhost].[/] :173  [32m                  [0;39m Initializing Spring embedded WebApplicationContext
2023-06-11 15:24:33.037 INFO  o.s.b.w.s.c.ServletWebServerApplicationContext    :291  [32m                  [0;39m Root WebApplicationContext: initialization completed in 617 ms
2023-06-11 15:24:33.176 WARN  c.b.mybatisplus.core.metadata.TableInfoHelper     :465  [32m                  [0;39m This primary key of "id" is primitive !不建议如此请使用包装类 in Class: "com.solaluna.wiki.pojo.page.Comment"
2023-06-11 15:24:33.275 WARN  c.b.mybatisplus.core.metadata.TableInfoHelper     :428  [32m                  [0;39m This primary key of "id" is primitive !不建议如此请使用包装类 in Class: "com.solaluna.wiki.pojo.page.Page"
2023-06-11 15:24:33.307 WARN  c.b.mybatisplus.core.metadata.TableInfoHelper     :428  [32m                  [0;39m This primary key of "id" is primitive !不建议如此请使用包装类 in Class: "com.solaluna.wiki.pojo.info.EditHistory"
2023-06-11 15:24:33.327 WARN  c.b.mybatisplus.core.metadata.TableInfoHelper     :428  [32m                  [0;39m This primary key of "id" is primitive !不建议如此请使用包装类 in Class: "com.solaluna.wiki.pojo.user.User"
2023-06-11 15:24:33.549 INFO  org.apache.coyote.http11.Http11NioProtocol        :173  [32m                  [0;39m Starting ProtocolHandler ["http-nio-8088"]
2023-06-11 15:24:33.561 INFO  o.s.boot.web.embedded.tomcat.TomcatWebServer      :220  [32m                  [0;39m Tomcat started on port(s): 8088 (http) with context path ''
2023-06-11 15:24:33.566 INFO  com.solaluna.wiki.WikiApplication                 :57   [32m                  [0;39m Started WikiApplication in 1.541 seconds (process running for 1.893)
2023-06-11 15:24:33.568 INFO  com.solaluna.wiki.WikiApplication                 :19   [32m                  [0;39m 启动成功！
2023-06-11 15:24:33.568 INFO  com.solaluna.wiki.WikiApplication                 :20   [32m                  [0;39m 地址:	http://127.0.0.1:8088
